[debug] [2020-11-03T07:43:28.067Z] ----------------------------------------------------------------------
[debug] [2020-11-03T07:43:28.069Z] Command:       C:\Program Files\nodejs\node.exe C:\Users\capri\AppData\Roaming\npm\node_modules\firebase-tools\lib\bin\firebase.js init
[debug] [2020-11-03T07:43:28.070Z] CLI Version:   8.14.1
[debug] [2020-11-03T07:43:28.070Z] Platform:      win32
[debug] [2020-11-03T07:43:28.070Z] Node Version:  v12.18.3
[debug] [2020-11-03T07:43:28.071Z] Time:          Tue Nov 03 2020 14:43:28 GMT+0700 (Indochina Time)
[debug] [2020-11-03T07:43:28.072Z] ----------------------------------------------------------------------
[debug] [2020-11-03T07:43:28.072Z] 
[debug] [2020-11-03T07:43:28.080Z] > command requires scopes: ["email","openid","https://www.googleapis.com/auth/cloudplatformprojects.readonly","https://www.googleapis.com/auth/firebase","https://www.googleapis.com/auth/cloud-platform"]
[debug] [2020-11-03T07:43:28.080Z] > authorizing via signed-in user
[info] 
     ######## #### ########  ######## ########     ###     ######  ########
     ##        ##  ##     ## ##       ##     ##  ##   ##  ##       ##
     ######    ##  ########  ######   ########  #########  ######  ######
     ##        ##  ##    ##  ##       ##     ## ##     ##       ## ##
     ##       #### ##     ## ######## ########  ##     ##  ######  ########

You're about to initialize a Firebase project in this directory:

  C:\@PP\Important\Project\my-web

Before we get started, keep in mind:

  * You are currently outside your home directory

